1546084924390	mozrunner::runner	INFO	Running command: "C:\\Program Files\\Mozilla Firefox\\firefox.exe" "-marionette" "-foreground" "-no-remote" "-profile" "C:\\Users\\spanc\\AppData\\Local\\Temp\\rust_mozprofile.i8xowa2SySIL"
1546084925311	addons.webextension.screenshots@mozilla.org	WARN	Loading extension 'screenshots@mozilla.org': Reading manifest: Invalid host permission: resource://pdf.js/
1546084925311	addons.webextension.screenshots@mozilla.org	WARN	Loading extension 'screenshots@mozilla.org': Reading manifest: Invalid host permission: about:reader*
1546084930889	Marionette	INFO	Listening on port 64228
1546084930951	Marionette	WARN	TLS certificate errors will be ignored for this session
JavaScript error: resource:///modules/ContentMetaHandler.jsm, line 156: NS_ERROR_ILLEGAL_VALUE: 
JavaScript error: resource://gre/modules/WebProgressChild.jsm, line 58: TypeError: this.mm.content is null
JavaScript error: resource:///modules/ContentMetaHandler.jsm, line 156: NS_ERROR_ILLEGAL_VALUE: 
JavaScript error: resource://gre/modules/WebProgressChild.jsm, line 58: TypeError: this.mm.content is null
JavaScript error: resource:///modules/ContentMetaHandler.jsm, line 156: NS_ERROR_ILLEGAL_VALUE: 
JavaScript warning: https://s.livelib.ru/js/mootools.132.js, line 105: String.toLowerCase is deprecated; use String.prototype.toLowerCase instead
JavaScript warning: https://s.livelib.ru/js/app.20181227.js, line 676: unreachable code after return statement
JavaScript warning: https://s.livelib.ru/js/app.20181227.js, line 3380: unreachable code after return statement
JavaScript error: https://s.livelib.ru/js/scrollbars.20181227.js, line 6: TypeError: scrollBarVer.getStyle(...) is null
JavaScript error: https://s.livelib.ru/js/mootools.132.js, line 26: NS_ERROR_NOT_INITIALIZED: 
JavaScript error: resource://gre/modules/WebProgressChild.jsm, line 58: TypeError: this.mm.content is null
JavaScript error: resource:///modules/ContentMetaHandler.jsm, line 156: NS_ERROR_ILLEGAL_VALUE: 
JavaScript warning: https://s.livelib.ru/js/mootools.132.js, line 105: String.toLowerCase is deprecated; use String.prototype.toLowerCase instead
JavaScript warning: https://s.livelib.ru/js/app.20181227.js, line 676: unreachable code after return statement
JavaScript warning: https://s.livelib.ru/js/app.20181227.js, line 3380: unreachable code after return statement
JavaScript error: https://s.livelib.ru/js/scrollbars.20181227.js, line 6: TypeError: scrollBarVer.getStyle(...) is null
JavaScript error: https://s.livelib.ru/js/mootools.132.js, line 26: NS_ERROR_NOT_INITIALIZED: 
JavaScript error: resource:///modules/ContentMetaHandler.jsm, line 156: NS_ERROR_ILLEGAL_VALUE: 
JavaScript warning: https://s.livelib.ru/js/mootools.132.js, line 105: String.toLowerCase is deprecated; use String.prototype.toLowerCase instead
JavaScript warning: https://s.livelib.ru/js/app.20181227.js, line 676: unreachable code after return statement
JavaScript warning: https://s.livelib.ru/js/app.20181227.js, line 3380: unreachable code after return statement
JavaScript error: https://s.livelib.ru/js/scrollbars.20181227.js, line 6: TypeError: scrollBarVer.getStyle(...) is null
JavaScript error: https://s.livelib.ru/js/mootools.132.js, line 26: NS_ERROR_NOT_INITIALIZED: 
JavaScript error: resource:///modules/ContentMetaHandler.jsm, line 156: NS_ERROR_ILLEGAL_VALUE: 
console.error: BroadcastService: 
  receivedBroadcastMessage: handler for
  remote-settings/monitor_changes
  threw error:
  Message: Error: Polling for changes failed: NetworkError when attempting to fetch resource..
  Stack:
    remoteSettingsFunction/remoteSettings.pollChanges@resource://services-settings/remote-settings.js:750:13

[Child 5004, Chrome_ChildThread] WARNING: pipe error: 109: file z:/build/build/src/ipc/chromium/src/chrome/common/ipc_channel_win.cc, line 346
[Child 5004, Chrome_ChildThread] WARNING: pipe error: 109: file z:/build/bu[Parent 2752, Gecko_IOThread] WARNING: pipe error: 109: file z:/build/build/src/ipc/chromium/src/chrome/common/ipc_channel_win.cc, line 346
[Child 12028, Chrome_ChildThread] WARNING: pipe error: 109: file z:/build/build/src/ipc/chromium/src/chrome/common/ipc_channel_win.cc, line 346
[Child 12028, C1546084992689	Marionette	INFO	Stopped listening on port 64228
[GPU 10952, Chrome_ChildThread] WARN
###!!! [Child][RunMessage] Error: Channel closing: too late to send/recv, messages will be lost


###!!! [Child][MessageChannel::SendAndWait] Error: Channel error: cannot send/recv

1547642784122	mozrunner::runner	INFO	Running command: "C:\\Program Files\\Mozilla Firefox\\firefox.exe" "-marionette" "-foreground" "-no-remote" "-profile" "C:\\Users\\spanc\\AppData\\Local\\Temp\\rust_mozprofile.zvVSerqA9slr"
1547642784797	addons.webextension.screenshots@mozilla.org	WARN	Loading extension 'screenshots@mozilla.org': Reading manifest: Invalid host permission: resource://pdf.js/
1547642784797	addons.webextension.screenshots@mozilla.org	WARN	Loading extension 'screenshots@mozilla.org': Reading manifest: Invalid host permission: about:reader*
1547642787824	Marionette	INFO	Listening on port 50781
1547642788097	Marionette	WARN	TLS certificate errors will be ignored for this session
JavaScript warning: https://s.livelib.ru/js/mootools.132.js, line 105: String.toLowerCase is deprecated; use String.prototype.toLowerCase instead
JavaScript warning: https://s.livelib.ru/js/app.2019011514.js, line 690: unreachable code after return statement
JavaScript warning: https://s.livelib.ru/js/app.2019011514.js, line 3425: unreachable code after return statement
JavaScript error: https://s.livelib.ru/js/scrollbars.2019011514.js, line 6: TypeError: scrollBarVer.getStyle(...) is null
JavaScript error: https://s.livelib.ru/js/mootools.132.js, line 26: NS_ERROR_NOT_INITIALIZED: 
JavaScript error: resource:///modules/ContentMetaHandler.jsm, line 156: NS_ERROR_ILLEGAL_VALUE: 
JavaScript error: https://www.livelib.ru/, line 58: NS_ERROR_NOT_INITIALIZED: 
JavaScript error: https://www.livelib.ru/, line 58: NS_ERROR_NOT_INITIALIZED: 
JavaScript error: https://www.livelib.ru/, line 58: NS_ERROR_NOT_INITIALIZED: 
JavaScript error: https://www.livelib.ru/, line 58: NS_ERROR_NOT_INITIALIZED: 
JavaScript error: https://www.livelib.ru/, line 58: NS_ERROR_NOT_INITIALIZED: 
JavaScript error: https://www.livelib.ru/, line 58: NS_ERROR_NOT_INITIALIZED: 
JavaScript error: https://www.livelib.ru/, line 58: NS_ERROR_NOT_INITIALIZED: 
JavaScript error: https://www.livelib.ru/, line 58: NS_ERROR_NOT_INITIALIZED: 
JavaScript error: https://www.livelib.ru/, line 58: NS_ERROR_NOT_INITIALIZED: 
JavaScript error: https://www.livelib.ru/, line 58: NS_ERROR_NOT_INITIALIZED: 
JavaScript error: https://www.livelib.ru/, line 58: NS_ERROR_NOT_INITIALIZED: 
JavaScript error: https://www.livelib.ru/, line 58: NS_ERROR_NOT_INITIALIZED: 
JavaScript error: https://www.livelib.ru/, line 58: NS_ERROR_NOT_INITIALIZED: 
JavaScript error: https://www.livelib.ru/, line 58: NS_ERROR_NOT_INITIALIZED: 
JavaScript error: https://www.livelib.ru/, line 58: NS_ERROR_NOT_INITIALIZED: 
JavaScript error: https://www.livelib.ru/, line 58: NS_ERROR_NOT_INITIALIZED: 
JavaScript error: https://www.livelib.ru/, line 58: NS_ERROR_NOT_INITIALIZED: 
JavaScript error: https://www.livelib.ru/, line 58: NS_ERROR_NOT_INITIALIZED: 
JavaScript error: https://www.livelib.ru/, line 58: NS_ERROR_NOT_INITIALIZED: 
JavaScript error: https://www.livelib.ru/, line 58: NS_ERROR_NOT_INITIALIZED: 
JavaScript error: https://www.livelib.ru/, line 58: NS_ERROR_NOT_INITIALIZED: 
JavaScript error: https://www.livelib.ru/, line 58: NS_ERROR_NOT_INITIALIZED: 
JavaScript error: https://www.livelib.ru/, line 58: NS_ERROR_NOT_INITIALIZED: 
JavaScript error: https://www.livelib.ru/, line 58: NS_ERROR_NOT_INITIALIZED: 
JavaScript error: https://www.livelib.ru/, line 58: NS_ERROR_NOT_INITIALIZED: 
JavaScript error: https://www.livelib.ru/, line 58: NS_ERROR_NOT_INITIALIZED: 
JavaScript error: https://www.livelib.ru/, line 58: NS_ERROR_NOT_INITIALIZED: 
JavaScript error: https://www.livelib.ru/, line 58: NS_ERROR_NOT_INITIALIZED: 
JavaScript error: https://www.livelib.ru/, line 58: NS_ERROR_NOT_INITIALIZED: 
JavaScript error: https://www.livelib.ru/, line 58: NS_ERROR_NOT_INITIALIZED: 
JavaScript error: https://www.livelib.ru/, line 58: NS_ERROR_NOT_INITIALIZED: 
JavaScript error: https://www.livelib.ru/, line 58: NS_ERROR_NOT_INITIALIZED: 
JavaScript error: https://www.livelib.ru/, line 58: NS_ERROR_NOT_INITIALIZED: 
JavaScript error: https://www.livelib.ru/, line 58: NS_ERROR_NOT_INITIALIZED: 
JavaScript error: https://www.livelib.ru/, line 58: NS_ERROR_NOT_INITIALIZED: 
JavaScript error: https://www.livelib.ru/, line 58: NS_ERROR_NOT_INITIALIZED: 
JavaScript error: https://www.livelib.ru/, line 58: NS_ERROR_NOT_INITIALIZED: 
JavaScript error: https://www.livelib.ru/, line 58: NS_ERROR_NOT_INITIALIZED: 
JavaScript error: https://www.livelib.ru/, line 58: NS_ERROR_NOT_INITIALIZED: 
JavaScript error: https://www.livelib.ru/, line 58: NS_ERROR_NOT_INITIALIZED: 
JavaScript error: https://www.livelib.ru/, line 58: NS_ERROR_NOT_INITIALIZED: 
JavaScript error: https://www.livelib.ru/, line 58: NS_ERROR_NOT_INITIALIZED: 
JavaScript error: https://www.livelib.ru/, line 58: NS_ERROR_NOT_INITIALIZED: 
JavaScript error: https://www.livelib.ru/, line 58: NS_ERROR_NOT_INITIALIZED: 
JavaScript error: https://www.livelib.ru/, line 58: NS_ERROR_NOT_INITIALIZED: 
JavaScript error: https://www.livelib.ru/, line 58: NS_ERROR_NOT_INITIALIZED: 
JavaScript error: https://www.livelib.ru/, line 58: NS_ERROR_NOT_INITIALIZED: 
JavaScript error: https://www.livelib.ru/, line 58: NS_ERROR_NOT_INITIALIZED: 
JavaScript error: https://www.livelib.ru/, line 58: NS_ERROR_NOT_INITIALIZED: 
JavaScript error: https://www.livelib.ru/, line 58: NS_ERROR_NOT_INITIALIZED: 
JavaScript error: https://www.livelib.ru/, line 58: NS_ERROR_NOT_INITIALIZED: 
JavaScript error: https://www.livelib.ru/, line 58: NS_ERROR_NOT_INITIALIZED: 
JavaScript error: https://www.livelib.ru/, line 58: NS_ERROR_NOT_INITIALIZED: 
JavaScript error: https://www.livelib.ru/, line 58: NS_ERROR_NOT_INITIALIZED: 
JavaScript error: https://www.livelib.ru/, line 58: NS_ERROR_NOT_INITIALIZED: 
JavaScript error: https://www.livelib.ru/, line 58: NS_ERROR_NOT_INITIALIZED: 
JavaScript error: https://www.livelib.ru/, line 58: NS_ERROR_NOT_INITIALIZED: 
JavaScript error: https://www.livelib.ru/, line 58: NS_ERROR_NOT_INITIALIZED: 
JavaScript error: https://www.livelib.ru/, line 58: NS_ERROR_NOT_INITIALIZED: 
JavaScript error: https://www.livelib.ru/, line 58: NS_ERROR_NOT_INITIALIZED: 
JavaScript error: https://www.livelib.ru/, line 58: NS_ERROR_NOT_INITIALIZED: 
JavaScript error: https://www.livelib.ru/, line 58: NS_ERROR_NOT_INITIALIZED: 
JavaScript error: https://www.livelib.ru/, line 58: NS_ERROR_NOT_INITIALIZED: 
JavaScript error: https://www.livelib.ru/, line 58: NS_ERROR_NOT_INITIALIZED: 
JavaScript error: https://www.livelib.ru/, line 58: NS_ERROR_NOT_INITIALIZED: 
JavaScript error: https://www.livelib.ru/, line 58: NS_ERROR_NOT_INITIALIZED: 
JavaScript error: https://www.livelib.ru/, line 58: NS_ERROR_NOT_INITIALIZED: 
JavaScript error: https://www.livelib.ru/, line 58: NS_ERROR_NOT_INITIALIZED: 
JavaScript error: https://www.livelib.ru/, line 58: NS_ERROR_NOT_INITIALIZED: 
JavaScript error: https://www.livelib.ru/, line 58: NS_ERROR_NOT_INITIALIZED: 
JavaScript error: https://www.livelib.ru/, line 58: NS_ERROR_NOT_INITIALIZED: 
JavaScript error: https://www.livelib.ru/, line 58: NS_ERROR_NOT_INITIALIZED: 
JavaScript error: https://www.livelib.ru/, line 58: NS_ERROR_NOT_INITIALIZED: 
JavaScript error: https://www.livelib.ru/, line 58: NS_ERROR_NOT_INITIALIZED: 
JavaScript error: https://www.livelib.ru/, line 58: NS_ERROR_NOT_INITIALIZED: 
JavaScript error: https://www.livelib.ru/, line 58: NS_ERROR_NOT_INITIALIZED: 
JavaScript error: https://www.livelib.ru/, line 58: NS_ERROR_NOT_INITIALIZED: 
JavaScript error: https://www.livelib.ru/, line 58: NS_ERROR_NOT_INITIALIZED: 
JavaScript error: https://www.livelib.ru/, line 58: NS_ERROR_NOT_INITIALIZED: 
JavaScript error: https://www.livelib.ru/, line 58: NS_ERROR_NOT_INITIALIZED: 
JavaScript error: https://www.livelib.ru/, line 58: NS_ERROR_NOT_INITIALIZED: 
JavaScript error: https://www.livelib.ru/, line 58: NS_ERROR_NOT_INITIALIZED: 
JavaScript error: https://www.livelib.ru/, line 58: NS_ERROR_NOT_INITIALIZED: 
JavaScript error: https://www.livelib.ru/, line 58: NS_ERROR_NOT_INITIALIZED: 
JavaScript error: https://www.livelib.ru/, line 58: NS_ERROR_NOT_INITIALIZED: 
JavaScript error: https://www.livelib.ru/, line 58: NS_ERROR_NOT_INITIALIZED: 
JavaScript error: https://www.livelib.ru/, line 58: NS_ERROR_NOT_INITIALIZED: 
JavaScript error: https://www.livelib.ru/, line 58: NS_ERROR_NOT_INITIALIZED: 
JavaScript error: https://www.livelib.ru/, line 58: NS_ERROR_NOT_INITIALIZED: 
JavaScript error: https://www.livelib.ru/, line 58: NS_ERROR_NOT_INITIALIZED: 
JavaScript error: https://www.livelib.ru/, line 58: NS_ERROR_NOT_INITIALIZED: 
JavaScript error: https://www.livelib.ru/, line 58: NS_ERROR_NOT_INITIALIZED: 
JavaScript error: https://www.livelib.ru/, line 58: NS_ERROR_NOT_INITIALIZED: 
JavaScript error: https://www.livelib.ru/, line 58: NS_ERROR_NOT_INITIALIZED: 
JavaScript error: https://www.livelib.ru/, line 58: NS_ERROR_NOT_INITIALIZED: 
JavaScript error: https://www.livelib.ru/, line 58: NS_ERROR_NOT_INITIALIZED: 
JavaScript error: https://www.livelib.ru/, line 58: NS_ERROR_NOT_INITIALIZED: 
JavaScript error: https://www.livelib.ru/, line 58: NS_ERROR_NOT_INITIALIZED: 
JavaScript error: https://www.livelib.ru/, line 58: NS_ERROR_NOT_INITIALIZED: 
JavaScript error: https://www.livelib.ru/, line 58: NS_ERROR_NOT_INITIALIZED: 
JavaScript error: https://www.livelib.ru/, line 58: NS_ERROR_NOT_INITIALIZED: 
JavaScript error: https://www.livelib.ru/, line 58: NS_ERROR_NOT_INITIALIZED: 
JavaScript error: https://www.livelib.ru/, line 58: NS_ERROR_NOT_INITIALIZED: 
JavaScript error: https://www.livelib.ru/, line 58: NS_ERROR_NOT_INITIALIZED: 
JavaScript error: https://www.livelib.ru/, line 58: NS_ERROR_NOT_INITIALIZED: 
JavaScript error: https://www.livelib.ru/, line 58: NS_ERROR_NOT_INITIALIZED: 
JavaScript error: https://www.livelib.ru/, line 58: NS_ERROR_NOT_INITIALIZED: 
JavaScript error: https://www.livelib.ru/, line 58: NS_ERROR_NOT_INITIALIZED: 
JavaScript error: https://www.livelib.ru/, line 58: NS_ERROR_NOT_INITIALIZED: 
JavaScript error: https://www.livelib.ru/, line 58: NS_ERROR_NOT_INITIALIZED: 
JavaScript error: https://www.livelib.ru/, line 58: NS_ERROR_NOT_INITIALIZED: 
JavaScript error: https://www.livelib.ru/, line 58: NS_ERROR_NOT_INITIALIZED: 
JavaScript error: https://www.livelib.ru/, line 58: NS_ERROR_NOT_INITIALIZED: 
JavaScript error: https://www.livelib.ru/, line 58: NS_ERROR_NOT_INITIALIZED: 
JavaScript error: resource:///modules/ContentMetaHandler.jsm, line 156: NS_ERROR_ILLEGAL_VALUE: 
JavaScript error: resource:///modules/ContentMetaHandler.jsm, line 156: NS_ERROR_ILLEGAL_VALUE: 
JavaScript warning: https://s.livelib.ru/js/mootools.132.js, line 105: String.toLowerCase is deprecated; use String.prototype.toLowerCase instead
JavaScript warning: https://s.livelib.ru/js/app.2019011514.js, line 690: unreachable code after return statement
JavaScript warning: https://s.livelib.ru/js/app.2019011514.js, line 3425: unreachable code after return statement
JavaScript error: https://s.livelib.ru/js/scrollbars.2019011514.js, line 6: TypeError: scrollBarVer.getStyle(...) is null
JavaScript error: https://s.livelib.ru/js/mootools.132.js, line 26: NS_ERROR_NOT_INITIALIZED: 
JavaScript error: resource:///modules/ContentMetaHandler.jsm, line 156: NS_ERROR_ILLEGAL_VALUE: 
JavaScript warning: https://s.livelib.ru/js/mootools.132.js, line 105: String.toLowerCase is deprecated; use String.prototype.toLowerCase instead
JavaScript warning: https://s.livelib.ru/js/app.2019011514.js, line 690: unreachable code after return statement
JavaScript warning: https://s.livelib.ru/js/app.2019011514.js, line 3425: unreachable code after return statement
JavaScript error: resource:///modules/ContentMetaHandler.jsm, line 156: NS_ERROR_ILLEGAL_VALUE: 
JavaScript error: resource:///modules/ContentMetaHandler.jsm, line 156: NS_ERROR_ILLEGAL_VALUE: 
JavaScript warning: https://s.livelib.ru/js/mootools.132.js, line 105: String.toLowerCase is deprecated; use String.prototype.toLowerCase instead
JavaScript warning: https://s.livelib.ru/js/app.2019011514.js, line 690: unreachable code after return statement
JavaScript warning: https://s.livelib.ru/js/app.2019011514.js, line 3425: unreachable code after return statement
JavaScript error: resource://gre/modules/WebProgressChild.jsm, line 58: TypeError: this.mm.content is null
JavaScript error: resource:///modules/ContentMetaHandler.jsm, line 156: NS_ERROR_ILLEGAL_VALUE: 
JavaScript warning: https://s.livelib.ru/js/mootools.132.js, line 105: String.toLowerCase is deprecated; use String.prototype.toLowerCase instead
JavaScript warning: https://s.livelib.ru/js/app.2019011514.js, line 690: unreachable code after return statement
JavaScript warning: https://s.livelib.ru/js/app.2019011514.js, line 3425: unreachable code after return statement
JavaScript error: https://www.livelib.ru/, line 58: NS_ERROR_NOT_INITIALIZED: 
JavaScript error: https://s.livelib.ru/js/scrollbars.2019011514.js, line 6: TypeError: scrollBarVer.getStyle(...) is null
JavaScript error: https://s.livelib.ru/js/mootools.132.js, line 26: NS_ERROR_NOT_INITIALIZED: 
JavaScript error: resource:///modules/ContentMetaHandler.jsm, line 156: NS_ERROR_ILLEGAL_VALUE: 
JavaScript error: resource:///modules/ContentMetaHandler.jsm, line 156: NS_ERROR_ILLEGAL_VALUE: 
JavaScript error: resource:///modules/ContentMetaHandler.jsm, line 156: NS_ERROR_ILLEGAL_VALUE: 
JavaScript warning: https://s.livelib.ru/js/mootools.132.js, line 105: String.toLowerCase is deprecated; use String.prototype.toLowerCase instead
JavaScript warning: https://s.livelib.ru/js/app.2019011514.js, line 690: unreachable code after return statement
JavaScript warning: https://s.livelib.ru/js/app.2019011514.js, line 3425: unreachable code after return statement
JavaScript error: https://s.livelib.ru/js/scrollbars.2019011514.js, line 6: TypeError: scrollBarVer.getStyle(...) is null
JavaScript error: https://s.livelib.ru/js/mootools.132.js, line 26: NS_ERROR_NOT_INITIALIZED: 
JavaScript error: resource:///modules/ContentMetaHandler.jsm, line 156: NS_ERROR_ILLEGAL_VALUE: 
JavaScript warning: https://s.livelib.ru/js/mootools.132.js, line 105: String.toLowerCase is deprecated; use String.prototype.toLowerCase instead
JavaScript warning: https://s.livelib.ru/js/app.2019011514.js, line 690: unreachable code after return statement
JavaScript warning: https://s.livelib.ru/js/app.2019011514.js, line 3425: unreachable code after return statement
console.error: BroadcastService: 
  receivedBroadcastMessage: handler for
  remote-settings/monitor_changes
  threw error:
  Message: Error: Polling for changes failed: NetworkError when attempting to fetch resource..
  Stack:
    remoteSettingsFunction/remoteSettings.pollChanges@resource://services-settings/remote-settings.js:750:13

JavaScript error: https://s.livelib.ru/js/scrollbars.2019011514.js, line 6: TypeError: scrollBarVer.getStyle(...) is null
JavaScript error: https://s.livelib.ru/js/mootools.132.js, line 26: NS_ERROR_NOT_INITIALIZED: 
JavaScript error: resource:///modules/ContentMetaHandler.jsm, line 156: NS_ERROR_ILLEGAL_VALUE: 
JavaScript warning: https://s.livelib.ru/js/mootools.132.js, line 105: String.toLowerCase is deprecated; use String.prototype.toLowerCase instead
JavaScript warning: https://s.livelib.ru/js/app.2019011514.js, line 690: unreachable code after return statement
JavaScript warning: https://s.livelib.ru/js/app.2019011514.js, line 3425: unreachable code after return statement
JavaScript error: https://s.livelib.ru/js/scrollbars.2019011514.js, line 6: TypeError: scrollBarVer.getStyle(...) is null
JavaScript error: https://s.livelib.ru/js/mootools.132.js, line 26: NS_ERROR_NOT_INITIALIZED: 
JavaScript error: resource:///modules/ContentMetaHandler.jsm, line 156: NS_ERROR_ILLEGAL_VALUE: 
JavaScript warning: https://s.livelib.ru/js/mootools.132.js, line 105: String.toLowerCase is deprecated; use String.prototype.toLowerCase instead
JavaScript warning: https://s.livelib.ru/js/app.2019011514.js, line 690: unreachable code after return statement
JavaScript warning: https://s.livelib.ru/js/app.2019011514.js, line 3425: unreachable code after return statement
JavaScript error: resource://gre/modules/WebProgressChild.jsm, line 58: TypeError: this.mm.content is null
JavaScript error: resource:///modules/ContentMetaHandler.jsm, line 156: NS_ERROR_ILLEGAL_VALUE: 
JavaScript error: resource:///modules/ContentMetaHandler.jsm, line 156: NS_ERROR_ILLEGAL_VALUE: 
JavaScript warning: https://s.livelib.ru/js/mootools.132.js, line 105: String.toLowerCase is deprecated; use String.prototype.toLowerCase instead
JavaScript warning: https://s.livelib.ru/js/app.2019011514.js, line 690: unreachable code after return statement
JavaScript warning: https://s.livelib.ru/js/app.2019011514.js, line 3425: unreachable code after return statement
JavaScript error: https://s.livelib.ru/js/scrollbars.2019011514.js, line 6: TypeError: scrollBarVer.getStyle(...) is null
JavaScript error: https://s.livelib.ru/js/mootools.132.js, line 26: NS_ERROR_NOT_INITIALIZED: 
JavaScript error: resource:///modules/ContentMetaHandler.jsm, line 156: NS_ERROR_ILLEGAL_VALUE: 
JavaScript warning: https://s.livelib.ru/js/mootools.132.js, line 105: String.toLowerCase is deprecated; use String.prototype.toLowerCase instead
JavaScript warning: https://s.livelib.ru/js/app.2019011514.js, line 690: unreachable code after return statement
JavaScript warning: https://s.livelib.ru/js/app.2019011514.js, line 3425: unreachable code after return statement
JavaScript error: https://s.livelib.ru/js/scrollbars.2019011514.js, line 6: TypeError: scrollBarVer.getStyle(...) is null
JavaScript error: https://s.livelib.ru/js/mootools.132.js, line 26: NS_ERROR_NOT_INITIALIZED: 
1547642891320	Marionette	INFO	Stopped listening on port 50781
[Child 9584, Chrome_ChildThread] WARNING: pipe error: 109: file z:/build/build/src/ipc/chromium/src/chrome/common/ipc_channel_win.cc, line 346
[Child 9584, Chrome_ChildThread] WARNING: pipe error: 109: file z:/build/build/src/ipc/chromium/src/chrome/common/ipc_channel_win.cc, line 346
[Parent 7124, Gecko_IOThread] WARNING: file z:/build/build/src/ipc/chromium/src/base/process_util_win.cc, line 188
[Child 8076, Chrome_ChildThread] WARNING: pipe error: 109: file z:/build/build/src/ipc/chromium/src/chrome/common/ipc_channel_win.cc, line 346
[Child 8076, Chrome_[Parent 7124, Gecko_IOThread] WARNING: pipe error: 109: file z:/build/build/src/ipc/chromium/src/chrome/common/ipc_channel_win.cc, line 346
[Child 6624, Chrome_ChildThread] WARNING: pipe error: 109: file z:/build/build/src/ipc/chromium/src/chrome/common/ipc_channel_win.cc, line 346
[Child 6624,
###!!! [Child][RunMessage] Error: Channel closing: too late to send/recv, messages will be lost

[GPU 10084
###!!! [Child][MessageChannel::SendAndWait] Error: Channel error: cannot send/recv

1547643220549	mozrunner::runner	INFO	Running command: "C:\\Program Files\\Mozilla Firefox\\firefox.exe" "-marionette" "-foreground" "-no-remote" "-profile" "C:\\Users\\spanc\\AppData\\Local\\Temp\\rust_mozprofile.mbYbBzfnbu8D"
1547643220970	addons.webextension.screenshots@mozilla.org	WARN	Loading extension 'screenshots@mozilla.org': Reading manifest: Invalid host permission: resource://pdf.js/
1547643220970	addons.webextension.screenshots@mozilla.org	WARN	Loading extension 'screenshots@mozilla.org': Reading manifest: Invalid host permission: about:reader*
1547643223038	Marionette	INFO	Listening on port 51734
1547643223291	Marionette	WARN	TLS certificate errors will be ignored for this session
1547643223348	Marionette	INFO	Stopped listening on port 51734
JavaScript error: resource://activity-stream/lib/ActivityStreamPrefs.jsm, line 29: NS_ERROR_ILLEGAL_VALUE: Component returned failure code: 0x80070057 (NS_ERROR_ILLEGAL_VALUE) [nsIPrefBranch.removeObserver]
[Child 9448, Chrome_ChildThread] WARNING: pipe error: 109: file z:/build/build/src/ipc/chromium/src/chrome/common/ipc_channel_win.cc, line 346
[Child 9448, Chrome_ChildThread] WARNING: pipe error: 109: file z:/build/build/src/ipc/chromium/src/chrome/common/ipc_channel_win.cc, line 346
[Child 9560, Chrome_ChildThread] WARNING: pipe error: 109: file z:/build/build/src/ipc/chromium/src/chrome/common/ipc_channel_win.cc, line 346
[Child 9560, [Parent 2140, Gecko_IOThread] WARNING: pipe error: 109: file z:/build/build/src/ipc/chromium/src/chrome/common/ipc_channel_win.cc, line 346
[Child 1284, Chrome_ChildThread] WARNING: pipe error: 109: file z:/build/build/src/ipc/chromium/src/chrome/common/ipc_channel_win.cc, line 346
[Child 1284, Chrome_ChilJavaScript error: resource://gre/modules/JSONFile.jsm, line 159: Error: Data is not ready.
console.error: PushService: 
  clearOriginData: Error clearing origin data:
  AbortError
console.error: PushService: 
  stateChangeProcessEnqueue: Error transitioning state
  AbortError

###!!! [Parent][DispatchAsyncMessage] Error: PBackgroundIDBFactory::Msg_PBackgroundIDBFactoryRequestConstructor Value error: message was deserialized, but contained an illegal value


###!!! [Parent][DispatchAsyncMessage] Error: PBackgroundIDBFactory::Msg_PBackgroundIDBFactoryRequestConstructor Value error: message was deserialized, but contained an illegal value


###!!! [Child][RunMessage] Error: Channel closing: too late to send/recv, messages will be lost

[
###!!! [Child][MessageChannel::SendAndWait] Error: Channel error: cannot send/recv

1547644227027	mozrunner::runner	INFO	Running command: "C:\\Program Files\\Mozilla Firefox\\firefox.exe" "-marionette" "-foreground" "-no-remote" "-profile" "C:\\Users\\spanc\\AppData\\Local\\Temp\\rust_mozprofile.GwFhGv33tZAP"
1547644227441	addons.webextension.screenshots@mozilla.org	WARN	Loading extension 'screenshots@mozilla.org': Reading manifest: Invalid host permission: resource://pdf.js/
1547644227442	addons.webextension.screenshots@mozilla.org	WARN	Loading extension 'screenshots@mozilla.org': Reading manifest: Invalid host permission: about:reader*
1547644229540	Marionette	INFO	Listening on port 52137
1547644229780	Marionette	WARN	TLS certificate errors will be ignored for this session
1547644229840	Marionette	INFO	Stopped listening on port 52137
JavaScript error: resource://activity-stream/lib/ActivityStreamPrefs.jsm, line 29: NS_ERROR_ILLEGAL_VALUE: Component returned failure code: 0x80070057 (NS_ERROR_ILLEGAL_VALUE) [nsIPrefBranch.removeObserver]
[Child 5752, Chrome_ChildThread] WARNING: pipe error: 109: file z:/build/build/src/ipc/chromium/src/chrome/common/ipc_channel_win.cc, line [3Chi46
[Child 5752, Chrome_ChildThread] WARNING: pipe error:[Parent 116, Gecko_IOThread] WARNING: pipe error: 109: file z:/build/build/src/ipc/chromium/src/chrome/common/ipc_channel_win.cc, line 346
[Child 9632, Chrome_ChildThread] WARNING: pipe error: 109: file z:/build/build/src/ipc/chromium/src/chrome/common/ipc_channel_win.cc, line 346
[Child 9632, ChromJavaScript error: resource://gre/modules/JSONFile.jsm, line 159: Error: Data is not ready.
console.error: PushService: 
  clearOriginData: Error clearing origin data:
  UnknownError
console.error: PushService: 
  stateChangeProcessEnqueue: Error transitioning state
  UnknownError

###!!! [Parent][DispatchAsyncMessage] Error: PBackgroundIDBFactory::Msg_PBackgroundIDBFactoryRequestConstructor Value error: message was deserialized, but contained an illegal value


###!!! [Parent][DispatchAsyncMessage] Error: PBackgroundIDBFactory::Msg_PBackgroundIDBFactoryRequestConstructor Value error: message was deserialized, but contained an illegal value


###!!! [Child][RunMessage] Error: Channel closing: too late to send/recv, messages will be lost

[GPU 54
###!!! [Child][MessageChannel::SendAndWait] Error: Channel error: cannot send/recv

1547644253721	mozrunner::runner	INFO	Running command: "C:\\Program Files\\Mozilla Firefox\\firefox.exe" "-marionette" "-foreground" "-no-remote" "-profile" "C:\\Users\\spanc\\AppData\\Local\\Temp\\rust_mozprofile.oXvK2ozbQfFD"
1547644254110	addons.webextension.screenshots@mozilla.org	WARN	Loading extension 'screenshots@mozilla.org': Reading manifest: Invalid host permission: resource://pdf.js/
1547644254110	addons.webextension.screenshots@mozilla.org	WARN	Loading extension 'screenshots@mozilla.org': Reading manifest: Invalid host permission: about:reader*
1547644256013	Marionette	INFO	Listening on port 52181
1547644256513	Marionette	WARN	TLS certificate errors will be ignored for this session
1547644256565	Marionette	INFO	Stopped listening on port 52181
JavaScript error: resource://activity-stream/lib/ActivityStreamPrefs.jsm, line 29: NS_ERROR_ILLEGAL_VALUE: Component returned failure code: 0x80070057 (NS_ERROR_ILLEGAL_VALUE) [nsIPrefBranch.removeObserver]
[Parent 3416, Gecko_IOThread] WARNING: pipe error: 109: file z:/build/build/src/ipc/chromium/src/chrome/common/ipc_channel_win.cc, line 346
[Parent 3416, Gecko_IOThread] WARNING: pipe error: 109: file z:/build/build/src/ipc/chromium/src/chrome/common/ipc_channel_win.cc, line 346
[Child 1820, Chrome_ChildThread] WARNING: pipe error: 109: file z:/build/build/src/ipc/chromium/src/chrome/common/ipc_channel_win.cc, line 346
[Child 1820, C[Child 1536, Chrome_ChildThread] WARNING: pipe error: 109: file z:/build/build/src/ipc/chromium/src/chrome/common/ipc_channel_win.cc, line 346
[Child 1536, ChromeJavaScript error: resource://gre/modules/JSONFile.jsm, line 159: Error: Data is not ready.
console.error: PushService: 
  clearOriginData: Error clearing origin data:
  AbortError
console.error: PushService: 
  stateChangeProcessEnqueue: Error transitioning state
  AbortError

###!!! [Parent][DispatchAsyncMessage] Error: PBackgroundIDBFactory::Msg_PBackgroundIDBFactoryRequestConstructor Value error: message was deserialized, but contained an illegal value


###!!! [Parent][DispatchAsyncMessage] Error: PBackgroundIDBFactory::Msg_PBackgroundIDBFactoryRequestConstructor Value error: message was deserialized, but contained an illegal value


###!!! [Child][RunMessage] Error: Channel closing: too late to send/recv, messages will be lost

[GPU
###!!! [Child][MessageChannel::SendAndWait] Error: Channel error: cannot send/recv

1547645446711	mozrunner::runner	INFO	Running command: "C:\\Program Files\\Mozilla Firefox\\firefox.exe" "-marionette" "-foreground" "-no-remote" "-profile" "C:\\Users\\spanc\\AppData\\Local\\Temp\\rust_mozprofile.D4HU9fnPFDKT"
1547645447184	addons.webextension.screenshots@mozilla.org	WARN	Loading extension 'screenshots@mozilla.org': Reading manifest: Invalid host permission: resource://pdf.js/
1547645447184	addons.webextension.screenshots@mozilla.org	WARN	Loading extension 'screenshots@mozilla.org': Reading manifest: Invalid host permission: about:reader*
1547645449218	Marionette	INFO	Listening on port 52599
1547645449486	Marionette	WARN	TLS certificate errors will be ignored for this session
1547645449566	Marionette	INFO	Stopped listening on port 52599
JavaScript error: resource://activity-stream/lib/ActivityStreamPrefs.jsm, line 29: NS_ERROR_ILLEGAL_VALUE: Component returned failure code: 0x80070057 (NS_ERROR_ILLEGAL_VALUE) [nsIPrefBranch.removeObserver]
[Child 11028, Chrome_ChildThread] WARNING: pipe error: 109: file z:/build/build/src/ipc/chromium/src/chrome/common/ipc_channel_win.cc, line 346
[Child 11028, Chrome_ChildTh[Child 10760, Chrome_ChildThread] WARNING: pipe error: 109: file z:/build/build/src/ipc/chromium/src/chrome/common/ipc_channel_win.cc, line 346
[Child 10760, Chrome_ChildThread] WARNING: pip[Parent 5484, Gecko_IOThread] WARNING: pipe error: 109: file z:/build/build/src/ipc/chromium/src/chrome/common/ipc_channel_win.cc, line 346
[Child 2416, Chrome_ChildThread] WARNING: pipe error: 109: file z:/build/build/src/ipc/chromium/src/chrome/common/ipc_channel_win.cc, line 346
[Child 2416, ChroJavaScript error: resource://gre/modules/JSONFile.jsm, line 159: Error: Data is not ready.
console.error: PushService: 
  clearOriginData: Error clearing origin data:
  UnknownError
console.error: PushService: 
  stateChangeProcessEnqueue: Error transitioning state
  UnknownError

###!!! [Parent][DispatchAsyncMessage] Error: PBackgroundIDBFactory::Msg_PBackgroundIDBFactoryRequestConstructor Value error: message was deserialized, but contained an illegal value


###!!! [Parent][DispatchAsyncMessage] Error: PBackgroundIDBFactory::Msg_PBackgroundIDBFactoryRequestConstructor Value error: message was deserialized, but contained an illegal value


###!!! [Child][RunMessage] Error: Channel closing: too late to send/recv, messages will be lost

[GPU 4
###!!! [Child][MessageChannel::SendAndWait] Error: Channel error: cannot send/recv

1547645548460	mozrunner::runner	INFO	Running command: "C:\\Program Files\\Mozilla Firefox\\firefox.exe" "-marionette" "-foreground" "-no-remote" "-profile" "C:\\Users\\spanc\\AppData\\Local\\Temp\\rust_mozprofile.LoDEqPuSRkQL"
1547645548896	addons.webextension.screenshots@mozilla.org	WARN	Loading extension 'screenshots@mozilla.org': Reading manifest: Invalid host permission: resource://pdf.js/
1547645548896	addons.webextension.screenshots@mozilla.org	WARN	Loading extension 'screenshots@mozilla.org': Reading manifest: Invalid host permission: about:reader*
1547645550837	Marionette	INFO	Listening on port 52654
1547645551244	Marionette	WARN	TLS certificate errors will be ignored for this session
console.error: BroadcastService: 
  receivedBroadcastMessage: handler for
  remote-settings/monitor_changes
  threw error:
  Message: Error: Polling for changes failed: NetworkError when attempting to fetch resource..
  Stack:
    remoteSettingsFunction/remoteSettings.pollChanges@resource://services-settings/remote-settings.js:750:13

[Child 11132, Chrome_ChildThread] WARNING: pipe error: 109: file z:/build/build/src/ipc/chromium/src/chrome/common/ipc_channel_win.cc, line 346
[Child 1113[Parent 11260, Gecko_IOThread] WARNING: pipe error: 109: file z:/build/build/src/ipc/chromium/src/chrome/common/ipc_channel_win.cc, line 346
[Child 11028, Chrome_ChildThread] WARNING: pipe error: 109: file z:/build/build/src/ipc/chromium/src/chrome/common/ipc_channel_win.cc, line 346
[Child 11028, 1547645810747	Marionette	INFO	Stopped listening on port 52654
[G
###!!! [Child][RunMessage] Error: Channel closing: too late to send/recv, messages will be lost

PU
###!!! [Child][MessageChannel::SendAndWait] Error: Channel error: cannot send/recv

1547645817471	mozrunner::runner	INFO	Running command: "C:\\Program Files\\Mozilla Firefox\\firefox.exe" "-marionette" "-foreground" "-no-remote" "-profile" "C:\\Users\\spanc\\AppData\\Local\\Temp\\rust_mozprofile.fIdaOy75z0ON"
1547645817904	addons.webextension.screenshots@mozilla.org	WARN	Loading extension 'screenshots@mozilla.org': Reading manifest: Invalid host permission: resource://pdf.js/
1547645817904	addons.webextension.screenshots@mozilla.org	WARN	Loading extension 'screenshots@mozilla.org': Reading manifest: Invalid host permission: about:reader*
1547645820041	Marionette	INFO	Listening on port 52715
1547645820283	Marionette	WARN	TLS certificate errors will be ignored for this session
[Child 2500, Chrome_ChildThread] WARNING: pipe error: 109: file z:/build/build/src/ip[c/cChild 5904, Chrome_Chhromium/sirc/chrolme/cdommon/iTpc_hchannel_win.cc, line 346r
ead] WARNING: pipe error: 109: file z:/build/build/src/ipc/chromium/src/chrome/common/ipc_channel_win.cc, line 346
[Child 590[Parent 11252, Gecko_IOThread] WARNING: pipe error: 109: file z:/build/build/src/ipc/chromium/src/chrome/common/ipc_channel_win.cc, line 346
[Child 5364, Chrome_ChildThread] WARNING: pipe error: 109: file z:/build/build/src/ipc/chromium/src/chrome/common/ipc_channel_win.cc, line 346
[Child 5364, C1547645878865	Marionette	INFO	Stopped listening on port 52715

###!!! [Child][RunMessage] Error: Channel closing: too late to send/recv, messages will be lost

[GPU 3180
###!!! [Child][MessageChannel::SendAndWait] Error: Channel error: cannot send/recv

1547645906947	mozrunner::runner	INFO	Running command: "C:\\Program Files\\Mozilla Firefox\\firefox.exe" "-marionette" "-foreground" "-no-remote" "-profile" "C:\\Users\\spanc\\AppData\\Local\\Temp\\rust_mozprofile.fMVlMvfCpDMF"
1547645907364	addons.webextension.screenshots@mozilla.org	WARN	Loading extension 'screenshots@mozilla.org': Reading manifest: Invalid host permission: resource://pdf.js/
1547645907364	addons.webextension.screenshots@mozilla.org	WARN	Loading extension 'screenshots@mozilla.org': Reading manifest: Invalid host permission: about:reader*
1547645909365	Marionette	INFO	Listening on port 52822
1547645909684	Marionette	WARN	TLS certificate errors will be ignored for this session
JavaScript warning: https://s.livelib.ru/js/mootools.132.js, line 105: String.toLowerCase is deprecated; use String.prototype.toLowerCase instead
JavaScript warning: https://s.livelib.ru/js/app.2019011514.js, line 690: unreachable code after return statement
JavaScript warning: https://s.livelib.ru/js/app.2019011514.js, line 3425: unreachable code after return statement
JavaScript warning: https://s.livelib.ru/js/app.2019011514.js, line 3425: unreachable code after return statement
JavaScript error: jar:file:///C:/Program%20Files/Mozilla%20Firefox/omni.ja!/components/PeerConnection.js, line 1895: TypeError: this._dompc._pc is undefined
JavaScript error: jar:file:///C:/Program%20Files/Mozilla%20Firefox/omni.ja!/components/PeerConnection.js, line 1895: TypeError: this._dompc._pc is undefined
JavaScript error: jar:file:///C:/Program%20Files/Mozilla%20Firefox/omni.ja!/components/PeerConnection.js, line 1895: TypeError: this._dompc._pc is undefined
JavaScript error: https://s.livelib.ru/js/app.2019011514.js, line 1: SyntaxError: expected expression, got ')'
JavaScript error: jar:file:///C:/Program%20Files/Mozilla%20Firefox/omni.ja!/components/PeerConnection.js, line 1895: TypeError: this._dompc._pc is undefined
[Child 8420, Chrome_ChildThread] WARNING: pipe error: 109: file z:/build/build/src/ipc/chromium/src/chrome/common/ipc_channel_win.cc, line 346

###!!! [Parent][MessageChannel] Error: (msgtype=0x160011,name=PBackgroundStorage::Msg_Observe) Channel error: cannot send/recv

[Parent 10512, Gecko_IOThread] WARNING: pipe error: 109: file z:/build/build/src/ipc/chromium/src/chrome/common/ipc_channel_win.cc, line 346
[Child 6628, Chrome_ChildThread] WARNING: pipe error: 109: file z:/build/build/src/ipc/chromium/src/chrome/common/ipc_channel_win.cc, line 346
[Child 6628, Ch1547646450407	Marionette	INFO	Stopped listening on port 52822

###!!! [Child][RunMessage] Error: Channel closing: too late to send/recv, messages will be lost

[GPU 
###!!! [Child][MessageChannel::SendAndWait] Error: Channel error: cannot send/recv

LowerCase instead
JavaScript warning: https://s.livelib.ru/js/app.2019011514.js, line 690: unreachable code after return statement
JavaScript warning: https://s.livelib.ru/js/app.2019011514.js, line 3425: unreachable code after return statement
JavaScript error: jar:file:///C:/Program%20Files/Mozilla%20Firefox/omni.ja!/components/PeerConnection.js, line 1895: TypeError: this._dompc._pc is undefined
JavaScript error: jar:file:///C:/Program%20Files/Mozilla%20Firefox/omni.ja!/components/PeerConnection.js, line 1895: TypeError: this._dompc._pc is undefined
JavaScript warning: https://s.livelib.ru/js/app.2019011514.js, line 3425: unreachable code after return statement
JavaScript error: jar:file:///C:/Program%20Files/Mozilla%20Firefox/omni.ja!/components/PeerConnection.js, line 1895: TypeError: this._dompc._pc is undefined
JavaScript error: https://s.livelib.ru/js/app.2019011514.js, line 1: SyntaxError: expected expression, got ')'
JavaScript error: jar:file:///C:/Program%20Files/Mozilla%20Firefox/omni.ja!/components/PeerConnection.js, line 1895: TypeError: this._dompc._pc is undefined
[Parent 8112, Gecko_IOThread] WARNING: pipe error: 109: file z:/build/build/src/ipc/chromium/src/chrome/common/ipc_channel_win.cc, line 346
[Parent 8112, Gecko_IOThread] WARNING: pipe error: 109: file z:/build/build/src/ipc/chromium/src/chrome/common/ipc_channel_win.cc, line 346
[Parent 8112, Gecko_IOThread] WARNING: pipe error: 109: file z:/build/build/src/ipc/chromium/src/chrome/common/ipc_channel_win.cc, line 346
[Child 6840, Chrome_ChildThread] WARNING: pipe error: 109: file z:/build/build/src/ipc/chromium/src/chrome/common/ipc_channel_win.cc, line 346
[Child 6840, Chrome_ChildThread] WARNING: pipe error: 109: file z:/build/build/src/ipc/chromium/src/chrome/common/ipc_channel_win.[Parent 8112, Gecko_IOThread] WARNING: pipe error: 109: file z:/build/build/src/ipc/chromium/src/chrome/common/ipc_channel_win.cc, line 346
[Child 10668, Chrome_ChildThread] WARNING: pipe error: 109: file z:/build/build/src/ipc/chromium/src/chrome/common/ipc_channel_win.cc, line 346
[Child 10668, Chrome_Chil1547646451050	Marionette	INFO	Stopped listening on port 53132
[GPU 9
###!!! [Child][MessageChannel::SendAndWait] Error: Channel error: cannot send/recv

1547646599996	mozrunner::runner	INFO	Running command: "C:\\Program Files\\Mozilla Firefox\\firefox.exe" "-marionette" "-foreground" "-no-remote" "-profile" "C:\\Users\\spanc\\AppData\\Local\\Temp\\rust_mozprofile.yTmJlubigdTU"
1547646600961	addons.webextension.screenshots@mozilla.org	WARN	Loading extension 'screenshots@mozilla.org': Reading manifest: Invalid host permission: resource://pdf.js/
1547646600961	addons.webextension.screenshots@mozilla.org	WARN	Loading extension 'screenshots@mozilla.org': Reading manifest: Invalid host permission: about:reader*
1547646603192	Marionette	INFO	Listening on port 53581
1547646603282	Marionette	WARN	TLS certificate errors will be ignored for this session
JavaScript error: resource:///modules/ContentMetaHandler.jsm, line 156: NS_ERROR_ILLEGAL_VALUE: 
JavaScript warning: https://s.livelib.ru/js/mootools.132.js, line 105: String.toLowerCase is deprecated; use String.prototype.toLowerCase instead
JavaScript warning: https://s.livelib.ru/js/app.2019011514.js, line 690: unreachable code after return statement
JavaScript warning: https://s.livelib.ru/js/app.2019011514.js, line 3425: unreachable code after return statement
JavaScript error: https://s.livelib.ru/js/swiper-min.2019011514.js, line 1: TypeError: window.getComputedStyle(...) is null
JavaScript error: resource://gre/modules/WebProgressChild.jsm, line 58: TypeError: this.mm.content is null
JavaScript error: resource:///modules/ContentMetaHandler.jsm, line 156: NS_ERROR_ILLEGAL_VALUE: 
1547646616222	Marionette	INFO	Stopped listening on port 53581
[Child 11936, Chrome_ChildThread] WARNING: pipe error: 109: file z:/build/build/src/ipc/chromium/src/chrome/common/ipc_channel_win.cc, line 346
[Child 11936, Chrome_ChildThread] WARNING: [Parent 11744, Gecko_IOThread] WARNING: pipe error: 232: file z:/build/build/src/ipc/chromium/src/chrome/common/ipc_channel_win.cc, line 513
[Child 11712, Chrome_ChildThread] WARNING: pipe error: 109: file z:/build/build/src/ipc/chromium/src/chrome/common/ipc_channel_win.cc, line 346
[Child 11712, Chrome_ChildThread] WARNING: pipe error: 109: file z:/build/build/src/ipc/chromium/src/chrome/common/ipc_channel_win.cc, line 3
###!!! [Child][RunMessage] Error: Channel closing: too late to send/recv, messages will be lost

[GPU 
###!!! [Child][MessageChannel::SendAndWait] Error: Channel error: cannot send/recv

1547646890964	mozrunner::runner	INFO	Running command: "C:\\Program Files\\Mozilla Firefox\\firefox.exe" "-marionette" "-foreground" "-no-remote" "-profile" "C:\\Users\\spanc\\AppData\\Local\\Temp\\rust_mozprofile.xxuo2BaUSDWb"
1547646891431	addons.webextension.screenshots@mozilla.org	WARN	Loading extension 'screenshots@mozilla.org': Reading manifest: Invalid host permission: resource://pdf.js/
1547646891431	addons.webextension.screenshots@mozilla.org	WARN	Loading extension 'screenshots@mozilla.org': Reading manifest: Invalid host permission: about:reader*
1547646893611	Marionette	INFO	Listening on port 53968
1547646893728	Marionette	WARN	TLS certificate errors will be ignored for this session
1547646893792	Marionette	INFO	Stopped listening on port 53968
JavaScript error: resource://activity-stream/lib/ActivityStreamPrefs.jsm, line 29: NS_ERROR_ILLEGAL_VALUE: Component returned failure code: 0x80070057 (NS_ERROR_ILLEGAL_VALUE) [nsIPrefBranch.removeObserver]
[Child 13192, Chrome_ChildThread] WARNING: pipe error: 109: file z:/build/build/src/ipc/chromium/src/chrome/common/ipc_channel_win.cc, line 346
[Child 13192, Chrome_ChildThread] WARNING: pipe error: 109: file z:/build/build/src/ipc/chromium/src/chrome/common/ipc_channel_win.cc, line 3[Child 9964, Chrome_ChildThread] WARNING: pipe error: 109: file z:/build/build/src/ipc/chromium/src/chrome/common/ipc_channel_win.cc, line 346
[Child 9964, ChJavaScript error: resource://gre/modules/JSONFile.jsm, line 159: Error: Data is not ready.
console.error: PushService: 
  clearOriginData: Error clearing origin data:
  UnknownError
console.error: PushService: 
  stateChangeProcessEnqueue: Error transitioning state
  UnknownError

###!!! [Parent][DispatchAsyncMessage] Error: PBackgroundIDBFactory::Msg_PBackgroundIDBFactoryRequestConstructor Value error: message was deserialized, but contained an illegal value


###!!! [Parent][DispatchAsyncMessage] Error: PBackgroundIDBFactory::Msg_PBackgroundIDBFactoryRequestConstructor Value error: message was deserialized, but contained an illegal value


###!!! [Child][RunMessage] Error: Channel closing: too late to send/recv, messages will be lost

[GPU 6428, C
###!!! [Child][MessageChannel::SendAndWait] Error: Channel error: cannot send/recv

